2021-12-27 10:27:20.666  INFO 10068 --- [restartedMain] com.dc.sql.SqlConnectionApplication      : Starting SqlConnectionApplication using Java 11.0.12 on DESKTOP-KJKRSRQ with PID 10068 (D:\ProjectJava\sql\build\classes\java\main started by AutoClient in D:\ProjectJava\sql)
2021-12-27 10:27:20.674  INFO 10068 --- [restartedMain] com.dc.sql.SqlConnectionApplication      : No active profile set, falling back to default profiles: default
2021-12-27 10:27:20.834  INFO 10068 --- [restartedMain] .e.DevToolsPropertyDefaultsPostProcessor : Devtools property defaults active! Set 'spring.devtools.add-properties' to 'false' to disable
2021-12-27 10:27:20.834  INFO 10068 --- [restartedMain] .e.DevToolsPropertyDefaultsPostProcessor : For additional web related logging consider setting the 'logging.level.web' property to 'DEBUG'
2021-12-27 10:27:22.110  INFO 10068 --- [restartedMain] .s.d.r.c.RepositoryConfigurationDelegate : Bootstrapping Spring Data JPA repositories in DEFAULT mode.
2021-12-27 10:27:22.176  INFO 10068 --- [restartedMain] .s.d.r.c.RepositoryConfigurationDelegate : Finished Spring Data repository scanning in 54 ms. Found 1 JPA repository interfaces.
2021-12-27 10:27:23.522  INFO 10068 --- [restartedMain] o.s.b.w.embedded.tomcat.TomcatWebServer  : Tomcat initialized with port(s): 8080 (http)
2021-12-27 10:27:23.534  INFO 10068 --- [restartedMain] o.apache.catalina.core.StandardService   : Starting service [Tomcat]
2021-12-27 10:27:23.534  INFO 10068 --- [restartedMain] org.apache.catalina.core.StandardEngine  : Starting Servlet engine: [Apache Tomcat/9.0.54]
2021-12-27 10:27:23.641  INFO 10068 --- [restartedMain] o.a.c.c.C.[Tomcat].[localhost].[/]       : Initializing Spring embedded WebApplicationContext
2021-12-27 10:27:23.642  INFO 10068 --- [restartedMain] w.s.c.ServletWebServerApplicationContext : Root WebApplicationContext: initialization completed in 2786 ms
2021-12-27 10:27:24.023  INFO 10068 --- [restartedMain] o.hibernate.jpa.internal.util.LogHelper  : HHH000204: Processing PersistenceUnitInfo [name: default]
2021-12-27 10:27:24.092  INFO 10068 --- [restartedMain] org.hibernate.Version                    : HHH000412: Hibernate ORM core version 5.4.32.Final
2021-12-27 10:27:24.314  INFO 10068 --- [restartedMain] o.hibernate.annotations.common.Version   : HCANN000001: Hibernate Commons Annotations {5.1.2.Final}
2021-12-27 10:27:24.846  WARN 10068 --- [restartedMain] c.m.s.jdbc.internals.TDS.Channel         : TLSv1 was negotiated. Please update server and client to use TLSv1.2 at minimum.
2021-12-27 10:27:24.970  INFO 10068 --- [restartedMain] org.hibernate.dialect.Dialect            : HHH000400: Using dialect: org.hibernate.dialect.SQLServer2008Dialect
2021-12-27 10:27:25.073  WARN 10068 --- [HikariPool-1 connection adder] c.m.s.jdbc.internals.TDS.Channel         : TLSv1 was negotiated. Please update server and client to use TLSv1.2 at minimum.
2021-12-27 10:27:25.094  WARN 10068 --- [HikariPool-1 connection adder] c.m.s.jdbc.internals.TDS.Channel         : TLSv1 was negotiated. Please update server and client to use TLSv1.2 at minimum.
2021-12-27 10:27:25.111  WARN 10068 --- [HikariPool-1 connection adder] c.m.s.jdbc.internals.TDS.Channel         : TLSv1 was negotiated. Please update server and client to use TLSv1.2 at minimum.
2021-12-27 10:27:25.133  WARN 10068 --- [HikariPool-1 connection adder] c.m.s.jdbc.internals.TDS.Channel         : TLSv1 was negotiated. Please update server and client to use TLSv1.2 at minimum.
2021-12-27 10:27:25.155  WARN 10068 --- [HikariPool-1 connection adder] c.m.s.jdbc.internals.TDS.Channel         : TLSv1 was negotiated. Please update server and client to use TLSv1.2 at minimum.
2021-12-27 10:27:25.176  WARN 10068 --- [HikariPool-1 connection adder] c.m.s.jdbc.internals.TDS.Channel         : TLSv1 was negotiated. Please update server and client to use TLSv1.2 at minimum.
2021-12-27 10:27:25.194  WARN 10068 --- [HikariPool-1 connection adder] c.m.s.jdbc.internals.TDS.Channel         : TLSv1 was negotiated. Please update server and client to use TLSv1.2 at minimum.
2021-12-27 10:27:25.213  WARN 10068 --- [HikariPool-1 connection adder] c.m.s.jdbc.internals.TDS.Channel         : TLSv1 was negotiated. Please update server and client to use TLSv1.2 at minimum.
2021-12-27 10:27:25.231  WARN 10068 --- [HikariPool-1 connection adder] c.m.s.jdbc.internals.TDS.Channel         : TLSv1 was negotiated. Please update server and client to use TLSv1.2 at minimum.
2021-12-27 10:27:29.294  INFO 10068 --- [restartedMain] o.h.e.t.j.p.i.JtaPlatformInitiator       : HHH000490: Using JtaPlatform implementation: [org.hibernate.engine.transaction.jta.platform.internal.NoJtaPlatform]
2021-12-27 10:27:29.315  INFO 10068 --- [restartedMain] j.LocalContainerEntityManagerFactoryBean : Initialized JPA EntityManagerFactory for persistence unit 'default'
2021-12-27 10:27:29.442  WARN 10068 --- [restartedMain] JpaBaseConfiguration$JpaWebConfiguration : spring.jpa.open-in-view is enabled by default. Therefore, database queries may be performed during view rendering. Explicitly configure spring.jpa.open-in-view to disable this warning
2021-12-27 10:27:30.158  INFO 10068 --- [restartedMain] o.s.b.d.a.OptionalLiveReloadServer       : LiveReload server is running on port 35729
2021-12-27 10:27:30.218  INFO 10068 --- [restartedMain] o.s.b.w.embedded.tomcat.TomcatWebServer  : Tomcat started on port(s): 8080 (http) with context path ''
2021-12-27 10:27:30.235  INFO 10068 --- [restartedMain] com.dc.sql.SqlConnectionApplication      : Started SqlConnectionApplication in 10.277 seconds (JVM running for 10.977)
2021-12-27 10:28:58.193  INFO 6844 --- [restartedMain] com.dc.sql.SqlConnectionApplication      : Starting SqlConnectionApplication using Java 11.0.12 on DESKTOP-KJKRSRQ with PID 6844 (D:\ProjectJava\sql\build\classes\java\main started by AutoClient in D:\ProjectJava\sql)
2021-12-27 10:28:58.195  INFO 6844 --- [restartedMain] com.dc.sql.SqlConnectionApplication      : No active profile set, falling back to default profiles: default
2021-12-27 10:28:58.262  INFO 6844 --- [restartedMain] .e.DevToolsPropertyDefaultsPostProcessor : Devtools property defaults active! Set 'spring.devtools.add-properties' to 'false' to disable
2021-12-27 10:28:58.262  INFO 6844 --- [restartedMain] .e.DevToolsPropertyDefaultsPostProcessor : For additional web related logging consider setting the 'logging.level.web' property to 'DEBUG'
2021-12-27 10:28:58.937  INFO 6844 --- [restartedMain] .s.d.r.c.RepositoryConfigurationDelegate : Bootstrapping Spring Data JPA repositories in DEFAULT mode.
2021-12-27 10:28:58.986  INFO 6844 --- [restartedMain] .s.d.r.c.RepositoryConfigurationDelegate : Finished Spring Data repository scanning in 40 ms. Found 1 JPA repository interfaces.
2021-12-27 10:28:59.860  INFO 6844 --- [restartedMain] o.s.b.w.embedded.tomcat.TomcatWebServer  : Tomcat initialized with port(s): 8080 (http)
2021-12-27 10:28:59.873  INFO 6844 --- [restartedMain] o.apache.catalina.core.StandardService   : Starting service [Tomcat]
2021-12-27 10:28:59.873  INFO 6844 --- [restartedMain] org.apache.catalina.core.StandardEngine  : Starting Servlet engine: [Apache Tomcat/9.0.54]
2021-12-27 10:28:59.965  INFO 6844 --- [restartedMain] o.a.c.c.C.[Tomcat].[localhost].[/]       : Initializing Spring embedded WebApplicationContext
2021-12-27 10:28:59.965  INFO 6844 --- [restartedMain] w.s.c.ServletWebServerApplicationContext : Root WebApplicationContext: initialization completed in 1702 ms
2021-12-27 10:29:00.275  INFO 6844 --- [restartedMain] o.hibernate.jpa.internal.util.LogHelper  : HHH000204: Processing PersistenceUnitInfo [name: default]
2021-12-27 10:29:00.331  INFO 6844 --- [restartedMain] org.hibernate.Version                    : HHH000412: Hibernate ORM core version 5.4.32.Final
2021-12-27 10:29:00.456  INFO 6844 --- [restartedMain] o.hibernate.annotations.common.Version   : HCANN000001: Hibernate Commons Annotations {5.1.2.Final}
2021-12-27 10:29:00.747  WARN 6844 --- [restartedMain] c.m.s.jdbc.internals.TDS.Channel         : TLSv1 was negotiated. Please update server and client to use TLSv1.2 at minimum.
2021-12-27 10:29:00.847  INFO 6844 --- [restartedMain] org.hibernate.dialect.Dialect            : HHH000400: Using dialect: org.hibernate.dialect.SQLServer2008Dialect
2021-12-27 10:29:00.969  WARN 6844 --- [HikariPool-1 connection adder] c.m.s.jdbc.internals.TDS.Channel         : TLSv1 was negotiated. Please update server and client to use TLSv1.2 at minimum.
2021-12-27 10:29:01.000  WARN 6844 --- [HikariPool-1 connection adder] c.m.s.jdbc.internals.TDS.Channel         : TLSv1 was negotiated. Please update server and client to use TLSv1.2 at minimum.
2021-12-27 10:29:01.026  WARN 6844 --- [HikariPool-1 connection adder] c.m.s.jdbc.internals.TDS.Channel         : TLSv1 was negotiated. Please update server and client to use TLSv1.2 at minimum.
2021-12-27 10:29:01.047  WARN 6844 --- [HikariPool-1 connection adder] c.m.s.jdbc.internals.TDS.Channel         : TLSv1 was negotiated. Please update server and client to use TLSv1.2 at minimum.
2021-12-27 10:29:01.068  WARN 6844 --- [HikariPool-1 connection adder] c.m.s.jdbc.internals.TDS.Channel         : TLSv1 was negotiated. Please update server and client to use TLSv1.2 at minimum.
2021-12-27 10:29:01.091  WARN 6844 --- [HikariPool-1 connection adder] c.m.s.jdbc.internals.TDS.Channel         : TLSv1 was negotiated. Please update server and client to use TLSv1.2 at minimum.
2021-12-27 10:29:01.111  WARN 6844 --- [HikariPool-1 connection adder] c.m.s.jdbc.internals.TDS.Channel         : TLSv1 was negotiated. Please update server and client to use TLSv1.2 at minimum.
2021-12-27 10:29:01.133  WARN 6844 --- [HikariPool-1 connection adder] c.m.s.jdbc.internals.TDS.Channel         : TLSv1 was negotiated. Please update server and client to use TLSv1.2 at minimum.
2021-12-27 10:29:01.153  WARN 6844 --- [HikariPool-1 connection adder] c.m.s.jdbc.internals.TDS.Channel         : TLSv1 was negotiated. Please update server and client to use TLSv1.2 at minimum.
2021-12-27 10:29:02.568  INFO 6844 --- [restartedMain] o.h.e.t.j.p.i.JtaPlatformInitiator       : HHH000490: Using JtaPlatform implementation: [org.hibernate.engine.transaction.jta.platform.internal.NoJtaPlatform]
2021-12-27 10:29:02.578  INFO 6844 --- [restartedMain] j.LocalContainerEntityManagerFactoryBean : Initialized JPA EntityManagerFactory for persistence unit 'default'
2021-12-27 10:29:02.672  WARN 6844 --- [restartedMain] JpaBaseConfiguration$JpaWebConfiguration : spring.jpa.open-in-view is enabled by default. Therefore, database queries may be performed during view rendering. Explicitly configure spring.jpa.open-in-view to disable this warning
2021-12-27 10:29:03.297  INFO 6844 --- [restartedMain] o.s.b.d.a.OptionalLiveReloadServer       : LiveReload server is running on port 35729
2021-12-27 10:29:03.334  INFO 6844 --- [restartedMain] o.s.b.w.embedded.tomcat.TomcatWebServer  : Tomcat started on port(s): 8080 (http) with context path ''
2021-12-27 10:29:03.348  INFO 6844 --- [restartedMain] com.dc.sql.SqlConnectionApplication      : Started SqlConnectionApplication in 5.649 seconds (JVM running for 6.079)
2021-12-27 10:29:59.699  INFO 11508 --- [restartedMain] com.dc.sql.SqlConnectionApplication      : Starting SqlConnectionApplication using Java 11.0.12 on DESKTOP-KJKRSRQ with PID 11508 (D:\ProjectJava\sql\build\classes\java\main started by AutoClient in D:\ProjectJava\sql)
2021-12-27 10:29:59.701  INFO 11508 --- [restartedMain] com.dc.sql.SqlConnectionApplication      : No active profile set, falling back to default profiles: default
2021-12-27 10:29:59.758  INFO 11508 --- [restartedMain] .e.DevToolsPropertyDefaultsPostProcessor : Devtools property defaults active! Set 'spring.devtools.add-properties' to 'false' to disable
2021-12-27 10:29:59.759  INFO 11508 --- [restartedMain] .e.DevToolsPropertyDefaultsPostProcessor : For additional web related logging consider setting the 'logging.level.web' property to 'DEBUG'
2021-12-27 10:30:00.364  INFO 11508 --- [restartedMain] .s.d.r.c.RepositoryConfigurationDelegate : Bootstrapping Spring Data JPA repositories in DEFAULT mode.
2021-12-27 10:30:00.409  INFO 11508 --- [restartedMain] .s.d.r.c.RepositoryConfigurationDelegate : Finished Spring Data repository scanning in 37 ms. Found 1 JPA repository interfaces.
2021-12-27 10:30:01.326  INFO 11508 --- [restartedMain] o.s.b.w.embedded.tomcat.TomcatWebServer  : Tomcat initialized with port(s): 8080 (http)
2021-12-27 10:30:01.338  INFO 11508 --- [restartedMain] o.apache.catalina.core.StandardService   : Starting service [Tomcat]
2021-12-27 10:30:01.338  INFO 11508 --- [restartedMain] org.apache.catalina.core.StandardEngine  : Starting Servlet engine: [Apache Tomcat/9.0.54]
2021-12-27 10:30:01.427  INFO 11508 --- [restartedMain] o.a.c.c.C.[Tomcat].[localhost].[/]       : Initializing Spring embedded WebApplicationContext
2021-12-27 10:30:01.428  INFO 11508 --- [restartedMain] w.s.c.ServletWebServerApplicationContext : Root WebApplicationContext: initialization completed in 1668 ms
2021-12-27 10:30:01.710  INFO 11508 --- [restartedMain] o.hibernate.jpa.internal.util.LogHelper  : HHH000204: Processing PersistenceUnitInfo [name: default]
2021-12-27 10:30:01.780  INFO 11508 --- [restartedMain] org.hibernate.Version                    : HHH000412: Hibernate ORM core version 5.4.32.Final
2021-12-27 10:30:01.893  INFO 11508 --- [restartedMain] o.hibernate.annotations.common.Version   : HCANN000001: Hibernate Commons Annotations {5.1.2.Final}
2021-12-27 10:30:02.168  WARN 11508 --- [restartedMain] c.m.s.jdbc.internals.TDS.Channel         : TLSv1 was negotiated. Please update server and client to use TLSv1.2 at minimum.
2021-12-27 10:30:02.271  INFO 11508 --- [restartedMain] org.hibernate.dialect.Dialect            : HHH000400: Using dialect: org.hibernate.dialect.SQLServer2008Dialect
2021-12-27 10:30:02.386  WARN 11508 --- [HikariPool-1 connection adder] c.m.s.jdbc.internals.TDS.Channel         : TLSv1 was negotiated. Please update server and client to use TLSv1.2 at minimum.
2021-12-27 10:30:02.415  WARN 11508 --- [HikariPool-1 connection adder] c.m.s.jdbc.internals.TDS.Channel         : TLSv1 was negotiated. Please update server and client to use TLSv1.2 at minimum.
2021-12-27 10:30:02.448  WARN 11508 --- [HikariPool-1 connection adder] c.m.s.jdbc.internals.TDS.Channel         : TLSv1 was negotiated. Please update server and client to use TLSv1.2 at minimum.
2021-12-27 10:30:02.471  WARN 11508 --- [HikariPool-1 connection adder] c.m.s.jdbc.internals.TDS.Channel         : TLSv1 was negotiated. Please update server and client to use TLSv1.2 at minimum.
2021-12-27 10:30:02.495  WARN 11508 --- [HikariPool-1 connection adder] c.m.s.jdbc.internals.TDS.Channel         : TLSv1 was negotiated. Please update server and client to use TLSv1.2 at minimum.
2021-12-27 10:30:02.518  WARN 11508 --- [HikariPool-1 connection adder] c.m.s.jdbc.internals.TDS.Channel         : TLSv1 was negotiated. Please update server and client to use TLSv1.2 at minimum.
2021-12-27 10:30:02.540  WARN 11508 --- [HikariPool-1 connection adder] c.m.s.jdbc.internals.TDS.Channel         : TLSv1 was negotiated. Please update server and client to use TLSv1.2 at minimum.
2021-12-27 10:30:02.557  WARN 11508 --- [HikariPool-1 connection adder] c.m.s.jdbc.internals.TDS.Channel         : TLSv1 was negotiated. Please update server and client to use TLSv1.2 at minimum.
2021-12-27 10:30:02.578  WARN 11508 --- [HikariPool-1 connection adder] c.m.s.jdbc.internals.TDS.Channel         : TLSv1 was negotiated. Please update server and client to use TLSv1.2 at minimum.
2021-12-27 10:30:03.836  INFO 11508 --- [restartedMain] o.h.e.t.j.p.i.JtaPlatformInitiator       : HHH000490: Using JtaPlatform implementation: [org.hibernate.engine.transaction.jta.platform.internal.NoJtaPlatform]
2021-12-27 10:30:03.846  INFO 11508 --- [restartedMain] j.LocalContainerEntityManagerFactoryBean : Initialized JPA EntityManagerFactory for persistence unit 'default'
2021-12-27 10:30:03.944  WARN 11508 --- [restartedMain] JpaBaseConfiguration$JpaWebConfiguration : spring.jpa.open-in-view is enabled by default. Therefore, database queries may be performed during view rendering. Explicitly configure spring.jpa.open-in-view to disable this warning
2021-12-27 10:30:04.560  INFO 11508 --- [restartedMain] o.s.b.d.a.OptionalLiveReloadServer       : LiveReload server is running on port 35729
2021-12-27 10:30:04.594  INFO 11508 --- [restartedMain] o.s.b.w.embedded.tomcat.TomcatWebServer  : Tomcat started on port(s): 8080 (http) with context path ''
2021-12-27 10:30:04.607  INFO 11508 --- [restartedMain] com.dc.sql.SqlConnectionApplication      : Started SqlConnectionApplication in 5.404 seconds (JVM running for 5.869)
2021-12-27 10:30:53.245  INFO 10932 --- [restartedMain] com.dc.sql.SqlConnectionApplication      : Starting SqlConnectionApplication using Java 11.0.12 on DESKTOP-KJKRSRQ with PID 10932 (D:\ProjectJava\sql\build\classes\java\main started by AutoClient in D:\ProjectJava\sql)
2021-12-27 10:30:53.246  INFO 10932 --- [restartedMain] com.dc.sql.SqlConnectionApplication      : No active profile set, falling back to default profiles: default
2021-12-27 10:30:53.297  INFO 10932 --- [restartedMain] .e.DevToolsPropertyDefaultsPostProcessor : Devtools property defaults active! Set 'spring.devtools.add-properties' to 'false' to disable
2021-12-27 10:30:53.297  INFO 10932 --- [restartedMain] .e.DevToolsPropertyDefaultsPostProcessor : For additional web related logging consider setting the 'logging.level.web' property to 'DEBUG'
2021-12-27 10:30:53.987  INFO 10932 --- [restartedMain] .s.d.r.c.RepositoryConfigurationDelegate : Bootstrapping Spring Data JPA repositories in DEFAULT mode.
2021-12-27 10:30:54.031  INFO 10932 --- [restartedMain] .s.d.r.c.RepositoryConfigurationDelegate : Finished Spring Data repository scanning in 36 ms. Found 1 JPA repository interfaces.
2021-12-27 10:30:54.904  INFO 10932 --- [restartedMain] o.s.b.w.embedded.tomcat.TomcatWebServer  : Tomcat initialized with port(s): 8080 (http)
2021-12-27 10:30:54.916  INFO 10932 --- [restartedMain] o.apache.catalina.core.StandardService   : Starting service [Tomcat]
2021-12-27 10:30:54.917  INFO 10932 --- [restartedMain] org.apache.catalina.core.StandardEngine  : Starting Servlet engine: [Apache Tomcat/9.0.54]
2021-12-27 10:30:55.003  INFO 10932 --- [restartedMain] o.a.c.c.C.[Tomcat].[localhost].[/]       : Initializing Spring embedded WebApplicationContext
2021-12-27 10:30:55.004  INFO 10932 --- [restartedMain] w.s.c.ServletWebServerApplicationContext : Root WebApplicationContext: initialization completed in 1705 ms
2021-12-27 10:30:55.316  INFO 10932 --- [restartedMain] o.hibernate.jpa.internal.util.LogHelper  : HHH000204: Processing PersistenceUnitInfo [name: default]
2021-12-27 10:30:55.384  INFO 10932 --- [restartedMain] org.hibernate.Version                    : HHH000412: Hibernate ORM core version 5.4.32.Final
2021-12-27 10:30:55.535  INFO 10932 --- [restartedMain] o.hibernate.annotations.common.Version   : HCANN000001: Hibernate Commons Annotations {5.1.2.Final}
2021-12-27 10:30:55.889  WARN 10932 --- [restartedMain] c.m.s.jdbc.internals.TDS.Channel         : TLSv1 was negotiated. Please update server and client to use TLSv1.2 at minimum.
2021-12-27 10:30:56.006  INFO 10932 --- [restartedMain] org.hibernate.dialect.Dialect            : HHH000400: Using dialect: org.hibernate.dialect.SQLServer2008Dialect
2021-12-27 10:30:56.114  WARN 10932 --- [HikariPool-1 connection adder] c.m.s.jdbc.internals.TDS.Channel         : TLSv1 was negotiated. Please update server and client to use TLSv1.2 at minimum.
2021-12-27 10:30:56.138  WARN 10932 --- [HikariPool-1 connection adder] c.m.s.jdbc.internals.TDS.Channel         : TLSv1 was negotiated. Please update server and client to use TLSv1.2 at minimum.
2021-12-27 10:30:56.162  WARN 10932 --- [HikariPool-1 connection adder] c.m.s.jdbc.internals.TDS.Channel         : TLSv1 was negotiated. Please update server and client to use TLSv1.2 at minimum.
2021-12-27 10:30:56.183  WARN 10932 --- [HikariPool-1 connection adder] c.m.s.jdbc.internals.TDS.Channel         : TLSv1 was negotiated. Please update server and client to use TLSv1.2 at minimum.
2021-12-27 10:30:56.204  WARN 10932 --- [HikariPool-1 connection adder] c.m.s.jdbc.internals.TDS.Channel         : TLSv1 was negotiated. Please update server and client to use TLSv1.2 at minimum.
2021-12-27 10:30:56.226  WARN 10932 --- [HikariPool-1 connection adder] c.m.s.jdbc.internals.TDS.Channel         : TLSv1 was negotiated. Please update server and client to use TLSv1.2 at minimum.
2021-12-27 10:30:56.251  WARN 10932 --- [HikariPool-1 connection adder] c.m.s.jdbc.internals.TDS.Channel         : TLSv1 was negotiated. Please update server and client to use TLSv1.2 at minimum.
2021-12-27 10:30:56.276  WARN 10932 --- [HikariPool-1 connection adder] c.m.s.jdbc.internals.TDS.Channel         : TLSv1 was negotiated. Please update server and client to use TLSv1.2 at minimum.
2021-12-27 10:30:56.301  WARN 10932 --- [HikariPool-1 connection adder] c.m.s.jdbc.internals.TDS.Channel         : TLSv1 was negotiated. Please update server and client to use TLSv1.2 at minimum.
2021-12-27 10:30:57.569  INFO 10932 --- [restartedMain] o.h.e.t.j.p.i.JtaPlatformInitiator       : HHH000490: Using JtaPlatform implementation: [org.hibernate.engine.transaction.jta.platform.internal.NoJtaPlatform]
2021-12-27 10:30:57.583  INFO 10932 --- [restartedMain] j.LocalContainerEntityManagerFactoryBean : Initialized JPA EntityManagerFactory for persistence unit 'default'
2021-12-27 10:30:57.693  WARN 10932 --- [restartedMain] JpaBaseConfiguration$JpaWebConfiguration : spring.jpa.open-in-view is enabled by default. Therefore, database queries may be performed during view rendering. Explicitly configure spring.jpa.open-in-view to disable this warning
2021-12-27 10:30:58.393  INFO 10932 --- [restartedMain] o.s.b.d.a.OptionalLiveReloadServer       : LiveReload server is running on port 35729
2021-12-27 10:30:58.427  INFO 10932 --- [restartedMain] o.s.b.w.embedded.tomcat.TomcatWebServer  : Tomcat started on port(s): 8080 (http) with context path ''
2021-12-27 10:30:58.441  INFO 10932 --- [restartedMain] com.dc.sql.SqlConnectionApplication      : Started SqlConnectionApplication in 5.687 seconds (JVM running for 6.123)
2021-12-27 10:47:48.697  INFO 5140 --- [restartedMain] com.dc.sql.SqlConnectionApplication      : Starting SqlConnectionApplication using Java 11.0.12 on DESKTOP-KJKRSRQ with PID 5140 (D:\ProjectJava\sql\build\classes\java\main started by AutoClient in D:\ProjectJava\sql)
2021-12-27 10:47:48.698  INFO 5140 --- [restartedMain] com.dc.sql.SqlConnectionApplication      : No active profile set, falling back to default profiles: default
2021-12-27 10:47:48.746  INFO 5140 --- [restartedMain] .e.DevToolsPropertyDefaultsPostProcessor : Devtools property defaults active! Set 'spring.devtools.add-properties' to 'false' to disable
2021-12-27 10:47:48.746  INFO 5140 --- [restartedMain] .e.DevToolsPropertyDefaultsPostProcessor : For additional web related logging consider setting the 'logging.level.web' property to 'DEBUG'
2021-12-27 10:47:49.391  INFO 5140 --- [restartedMain] .s.d.r.c.RepositoryConfigurationDelegate : Bootstrapping Spring Data JPA repositories in DEFAULT mode.
2021-12-27 10:47:49.442  INFO 5140 --- [restartedMain] .s.d.r.c.RepositoryConfigurationDelegate : Finished Spring Data repository scanning in 42 ms. Found 1 JPA repository interfaces.
2021-12-27 10:47:50.356  INFO 5140 --- [restartedMain] o.s.b.w.embedded.tomcat.TomcatWebServer  : Tomcat initialized with port(s): 8080 (http)
2021-12-27 10:47:50.372  INFO 5140 --- [restartedMain] o.apache.catalina.core.StandardService   : Starting service [Tomcat]
2021-12-27 10:47:50.372  INFO 5140 --- [restartedMain] org.apache.catalina.core.StandardEngine  : Starting Servlet engine: [Apache Tomcat/9.0.54]
2021-12-27 10:47:50.466  INFO 5140 --- [restartedMain] o.a.c.c.C.[Tomcat].[localhost].[/]       : Initializing Spring embedded WebApplicationContext
2021-12-27 10:47:50.466  INFO 5140 --- [restartedMain] w.s.c.ServletWebServerApplicationContext : Root WebApplicationContext: initialization completed in 1719 ms
2021-12-27 10:47:50.741  INFO 5140 --- [restartedMain] o.hibernate.jpa.internal.util.LogHelper  : HHH000204: Processing PersistenceUnitInfo [name: default]
2021-12-27 10:47:50.789  INFO 5140 --- [restartedMain] org.hibernate.Version                    : HHH000412: Hibernate ORM core version 5.4.32.Final
2021-12-27 10:47:50.913  INFO 5140 --- [restartedMain] o.hibernate.annotations.common.Version   : HCANN000001: Hibernate Commons Annotations {5.1.2.Final}
2021-12-27 10:47:51.247  WARN 5140 --- [restartedMain] c.m.s.jdbc.internals.TDS.Channel         : TLSv1 was negotiated. Please update server and client to use TLSv1.2 at minimum.
2021-12-27 10:47:51.349  INFO 5140 --- [restartedMain] org.hibernate.dialect.Dialect            : HHH000400: Using dialect: org.hibernate.dialect.SQLServer2008Dialect
2021-12-27 10:47:51.471  WARN 5140 --- [HikariPool-1 connection adder] c.m.s.jdbc.internals.TDS.Channel         : TLSv1 was negotiated. Please update server and client to use TLSv1.2 at minimum.
2021-12-27 10:47:51.500  WARN 5140 --- [HikariPool-1 connection adder] c.m.s.jdbc.internals.TDS.Channel         : TLSv1 was negotiated. Please update server and client to use TLSv1.2 at minimum.
2021-12-27 10:47:51.531  WARN 5140 --- [HikariPool-1 connection adder] c.m.s.jdbc.internals.TDS.Channel         : TLSv1 was negotiated. Please update server and client to use TLSv1.2 at minimum.
2021-12-27 10:47:51.549  WARN 5140 --- [HikariPool-1 connection adder] c.m.s.jdbc.internals.TDS.Channel         : TLSv1 was negotiated. Please update server and client to use TLSv1.2 at minimum.
2021-12-27 10:47:51.568  WARN 5140 --- [HikariPool-1 connection adder] c.m.s.jdbc.internals.TDS.Channel         : TLSv1 was negotiated. Please update server and client to use TLSv1.2 at minimum.
2021-12-27 10:47:51.585  WARN 5140 --- [HikariPool-1 connection adder] c.m.s.jdbc.internals.TDS.Channel         : TLSv1 was negotiated. Please update server and client to use TLSv1.2 at minimum.
2021-12-27 10:47:51.603  WARN 5140 --- [HikariPool-1 connection adder] c.m.s.jdbc.internals.TDS.Channel         : TLSv1 was negotiated. Please update server and client to use TLSv1.2 at minimum.
2021-12-27 10:47:51.622  WARN 5140 --- [HikariPool-1 connection adder] c.m.s.jdbc.internals.TDS.Channel         : TLSv1 was negotiated. Please update server and client to use TLSv1.2 at minimum.
2021-12-27 10:47:51.640  WARN 5140 --- [HikariPool-1 connection adder] c.m.s.jdbc.internals.TDS.Channel         : TLSv1 was negotiated. Please update server and client to use TLSv1.2 at minimum.
2021-12-27 10:47:53.176  INFO 5140 --- [restartedMain] o.h.e.t.j.p.i.JtaPlatformInitiator       : HHH000490: Using JtaPlatform implementation: [org.hibernate.engine.transaction.jta.platform.internal.NoJtaPlatform]
2021-12-27 10:47:53.186  INFO 5140 --- [restartedMain] j.LocalContainerEntityManagerFactoryBean : Initialized JPA EntityManagerFactory for persistence unit 'default'
2021-12-27 10:47:53.289  WARN 5140 --- [restartedMain] JpaBaseConfiguration$JpaWebConfiguration : spring.jpa.open-in-view is enabled by default. Therefore, database queries may be performed during view rendering. Explicitly configure spring.jpa.open-in-view to disable this warning
2021-12-27 10:47:53.903  INFO 5140 --- [restartedMain] o.s.b.d.a.OptionalLiveReloadServer       : LiveReload server is running on port 35729
2021-12-27 10:47:53.939  INFO 5140 --- [restartedMain] o.s.b.w.embedded.tomcat.TomcatWebServer  : Tomcat started on port(s): 8080 (http) with context path ''
2021-12-27 10:47:53.956  INFO 5140 --- [restartedMain] com.dc.sql.SqlConnectionApplication      : Started SqlConnectionApplication in 5.733 seconds (JVM running for 6.183)
2021-12-27 11:17:14.477  WARN 5140 --- [HikariPool-1 connection adder] c.m.s.jdbc.internals.TDS.Channel         : TLSv1 was negotiated. Please update server and client to use TLSv1.2 at minimum.
2021-12-27 11:17:20.408  WARN 5140 --- [HikariPool-1 connection adder] c.m.s.jdbc.internals.TDS.Channel         : TLSv1 was negotiated. Please update server and client to use TLSv1.2 at minimum.
2021-12-27 11:17:24.919  WARN 5140 --- [HikariPool-1 connection adder] c.m.s.jdbc.internals.TDS.Channel         : TLSv1 was negotiated. Please update server and client to use TLSv1.2 at minimum.
2021-12-27 11:17:25.459  WARN 5140 --- [HikariPool-1 connection adder] c.m.s.jdbc.internals.TDS.Channel         : TLSv1 was negotiated. Please update server and client to use TLSv1.2 at minimum.
2021-12-27 11:17:27.074  WARN 5140 --- [HikariPool-1 connection adder] c.m.s.jdbc.internals.TDS.Channel         : TLSv1 was negotiated. Please update server and client to use TLSv1.2 at minimum.
2021-12-27 11:17:34.336  WARN 5140 --- [HikariPool-1 connection adder] c.m.s.jdbc.internals.TDS.Channel         : TLSv1 was negotiated. Please update server and client to use TLSv1.2 at minimum.
2021-12-27 11:17:35.207  WARN 5140 --- [HikariPool-1 connection adder] c.m.s.jdbc.internals.TDS.Channel         : TLSv1 was negotiated. Please update server and client to use TLSv1.2 at minimum.
2021-12-27 11:17:37.531  WARN 5140 --- [HikariPool-1 connection adder] c.m.s.jdbc.internals.TDS.Channel         : TLSv1 was negotiated. Please update server and client to use TLSv1.2 at minimum.
2021-12-27 11:17:44.222  WARN 5140 --- [HikariPool-1 connection adder] c.m.s.jdbc.internals.TDS.Channel         : TLSv1 was negotiated. Please update server and client to use TLSv1.2 at minimum.
2021-12-27 11:17:50.916  WARN 5140 --- [HikariPool-1 connection adder] c.m.s.jdbc.internals.TDS.Channel         : TLSv1 was negotiated. Please update server and client to use TLSv1.2 at minimum.
